<?xml version="1.0" encoding="UTF-8"?>
<!-- Generated by org.testng.reporters.JUnitReportReporter -->
<testsuite hostname="Karthik-Laptop" name="runner.GuardianRunner" tests="1" failures="0" timestamp="25 Apr 2021 19:11:59 GMT" time="21.140" errors="0">
  <testcase name="runScenario" time="21.140" classname="runner.GuardianRunner"/>
</testsuite> <!-- runner.GuardianRunner -->
